<?xml version="1.0" encoding="utf-8"?><testsuites name="pytest tests"><testsuite name="pytest" errors="0" failures="0" skipped="0" tests="11" time="54.869" timestamp="2026-06-10T16:10:54.470079+00:00" hostname="agent-env-77eb90e8-00a6-42d6-865b-b7e0ece50713"><testcase classname="backend.tests.test_annual_refresh_api" name="test_refresh_completes_with_7_stages" time="26.889" /><testcase classname="backend.tests.test_annual_refresh_api" name="test_years_contains_both_years" time="0.052" /><testcase classname="backend.tests.test_annual_refresh_api" name="test_2024_derived_metrics_untouched" time="0.073" /><testcase classname="backend.tests.test_annual_refresh_api" name="test_2026_creates_new_documents" time="0.136" /><testcase classname="backend.tests.test_annual_refresh_api" name="test_raw_data_prior_versions_preserved" time="0.138" /><testcase classname="backend.tests.test_annual_refresh_api" name="test_changes_endpoint_shape" time="0.054" /><testcase classname="backend.tests.test_annual_refresh_api" name="test_trends_per_metric[median_salary]" time="0.069" /><testcase classname="backend.tests.test_annual_refresh_api" name="test_trends_per_metric[placement_rate]" time="0.128" /><testcase classname="backend.tests.test_annual_refresh_api" name="test_trends_per_metric[faculty_count]" time="0.071" /><testcase classname="backend.tests.test_annual_refresh_api" name="test_trends_invalid_metric" time="0.093" /><testcase classname="backend.tests.test_annual_refresh_api" name="test_rerun_refresh_is_idempotent" time="27.065" /></testsuite></testsuites>