<?xml version="1.0" encoding="utf-8"?><testsuites name="pytest tests"><testsuite name="pytest" errors="0" failures="0" skipped="0" tests="17" time="2.124" timestamp="2026-06-10T16:40:42.006893+00:00" hostname="agent-env-77eb90e8-00a6-42d6-865b-b7e0ece50713"><testcase classname="backend.tests.test_auth.TestLogin" name="test_login_correct_credentials" time="0.570" /><testcase classname="backend.tests.test_auth.TestLogin" name="test_login_wrong_password" time="0.279" /><testcase classname="backend.tests.test_auth.TestLogin" name="test_login_unknown_email" time="0.057" /><testcase classname="backend.tests.test_auth.TestAuthMe" name="test_me_with_valid_token" time="0.324" /><testcase classname="backend.tests.test_auth.TestAuthMe" name="test_me_without_token" time="0.074" /><testcase classname="backend.tests.test_auth.TestAuthMe" name="test_me_with_garbage_token" time="0.050" /><testcase classname="backend.tests.test_auth.TestAdminGate" name="test_admin_without_token_is_401[/api/admin/nirf/overview]" time="0.051" /><testcase classname="backend.tests.test_auth.TestAdminGate" name="test_admin_without_token_is_401[/api/admin/nirf/extractions]" time="0.053" /><testcase classname="backend.tests.test_auth.TestAdminGate" name="test_admin_without_token_is_401[/api/admin/nirf/intelligence]" time="0.051" /><testcase classname="backend.tests.test_auth.TestAdminGate" name="test_admin_without_token_is_401[/api/admin/nirf/years]" time="0.055" /><testcase classname="backend.tests.test_auth.TestAdminGate" name="test_admin_with_token_is_200[/api/admin/nirf/overview]" time="0.072" /><testcase classname="backend.tests.test_auth.TestAdminGate" name="test_admin_with_token_is_200[/api/admin/nirf/extractions]" time="0.078" /><testcase classname="backend.tests.test_auth.TestAdminGate" name="test_admin_with_token_is_200[/api/admin/nirf/intelligence]" time="0.073" /><testcase classname="backend.tests.test_auth.TestAdminGate" name="test_admin_with_token_is_200[/api/admin/nirf/years]" time="0.053" /><testcase classname="backend.tests.test_auth.TestAdminGate" name="test_admin_with_garbage_token_is_401" time="0.091" /><testcase classname="backend.tests.test_auth.TestPublicEndpoints" name="test_root_public" time="0.058" /><testcase classname="backend.tests.test_auth.TestPublicEndpoints" name="test_insights_public" time="0.056" /></testsuite></testsuites>