<?xml version="1.0" encoding="utf-8"?><testsuites name="pytest tests"><testsuite name="pytest" errors="0" failures="0" skipped="0" tests="10" time="1.494" timestamp="2026-06-10T13:08:18.175118+00:00" hostname="agent-env-77eb90e8-00a6-42d6-865b-b7e0ece50713"><testcase classname="backend.tests.test_nirf_normalization_api" name="test_catalog_returns_11_metrics" time="0.145" /><testcase classname="backend.tests.test_nirf_normalization_api" name="test_batch_normalize_completed" time="0.099" /><testcase classname="backend.tests.test_nirf_normalization_api" name="test_derived_metrics_list_shape_and_traceability" time="0.086" /><testcase classname="backend.tests.test_nirf_normalization_api" name="test_derived_metrics_detail" time="0.109" /><testcase classname="backend.tests.test_nirf_normalization_api" name="test_math_correctness" time="0.063" /><testcase classname="backend.tests.test_nirf_normalization_api" name="test_single_doc_normalize_returns_raw_and_derived" time="0.115" /><testcase classname="backend.tests.test_nirf_normalization_api" name="test_raw_data_versions_endpoint" time="0.112" /><testcase classname="backend.tests.test_nirf_normalization_api" name="test_immutability_no_change_no_new_version" time="0.210" /><testcase classname="backend.tests.test_nirf_normalization_api" name="test_immutability_correction_creates_new_version_old_preserved" time="0.395" /><testcase classname="backend.tests.test_nirf_normalization_api" name="test_missing_or_zero_handled_without_crash" time="0.091" /></testsuite></testsuites>