<?xml version="1.0" encoding="utf-8"?><testsuites name="pytest tests"><testsuite name="pytest" errors="0" failures="0" skipped="0" tests="9" time="11.654" timestamp="2026-06-10T12:51:56.115197+00:00" hostname="agent-env-77eb90e8-00a6-42d6-865b-b7e0ece50713"><testcase classname="backend.tests.test_nirf_extraction_api" name="test_schema" time="0.285" /><testcase classname="backend.tests.test_nirf_extraction_api" name="test_job_completes_all_pdfs" time="9.501" /><testcase classname="backend.tests.test_nirf_extraction_api" name="test_summary_keys" time="0.065" /><testcase classname="backend.tests.test_nirf_extraction_api" name="test_each_record_shape" time="0.000" /><testcase classname="backend.tests.test_nirf_extraction_api" name="test_get_by_id_and_document_id" time="0.118" /><testcase classname="backend.tests.test_nirf_extraction_api" name="test_get_unknown_404" time="0.055" /><testcase classname="backend.tests.test_nirf_extraction_api" name="test_single_reextract" time="0.722" /><testcase classname="backend.tests.test_nirf_extraction_api" name="test_manual_correction_and_preservation" time="0.681" /><testcase classname="backend.tests.test_nirf_extraction_api" name="test_correction_unknown_field" time="0.053" /></testsuite></testsuites>