<?xml version="1.0" encoding="utf-8"?><testsuites name="pytest tests"><testsuite name="pytest" errors="0" failures="0" skipped="0" tests="8" time="1.881" timestamp="2026-06-10T15:44:46.440032+00:00" hostname="agent-env-77eb90e8-00a6-42d6-865b-b7e0ece50713"><testcase classname="backend.tests.test_nirf_intelligence_api" name="test_catalog_returns_four_scores" time="0.289" /><testcase classname="backend.tests.test_nirf_intelligence_api" name="test_batch_compute_intelligence_completes" time="0.114" /><testcase classname="backend.tests.test_nirf_intelligence_api" name="test_list_intelligence_returns_records_with_full_structure" time="0.154" /><testcase classname="backend.tests.test_nirf_intelligence_api" name="test_detail_endpoint_full_breakdown" time="0.299" /><testcase classname="backend.tests.test_nirf_intelligence_api" name="test_academic_strength_patents_excluded_and_weight_renormalized" time="0.168" /><testcase classname="backend.tests.test_nirf_intelligence_api" name="test_transparency_score_absolute" time="0.164" /><testcase classname="backend.tests.test_nirf_intelligence_api" name="test_fees_update_changes_vfm" time="0.373" /><testcase classname="backend.tests.test_nirf_intelligence_api" name="test_single_doc_recompute" time="0.233" /></testsuite></testsuites>