<?xml version="1.0" encoding="utf-8"?><testsuites name="pytest tests"><testsuite name="pytest" errors="0" failures="0" skipped="0" tests="6" time="20.034" timestamp="2026-06-08T19:07:15.053763+00:00" hostname="agent-env-48842670-cbcf-4b2d-aeac-0acef16ace56"><testcase classname="backend.tests.test_filed_api.TestRoot" name="test_root_returns_product_branding" time="0.207" /><testcase classname="backend.tests.test_filed_api.TestInsights" name="test_insights_two_colleges_happy_path" time="7.096" /><testcase classname="backend.tests.test_filed_api.TestInsights" name="test_insights_three_colleges_happy_path" time="6.172" /><testcase classname="backend.tests.test_filed_api.TestInsights" name="test_insights_empty_colleges_returns_400" time="0.068" /><testcase classname="backend.tests.test_filed_api.TestInsights" name="test_insights_tone_no_forbidden_words" time="6.218" /><testcase classname="backend.tests.test_filed_api.TestInsights" name="test_insights_missing_field_returns_422" time="0.056" /></testsuite></testsuites>